This file contains any messages produced by compilers while
running configure, to aid debugging if configure makes a mistake.

It was created by configure, which was
generated by GNU Autoconf 2.68.  Invocation command line was

  $ ./configure 

## --------- ##
## Platform. ##
## --------- ##

hostname = Frank
uname -m = i686
uname -r = 3.13.0-79-generic
uname -s = Linux
uname -v = #123-Ubuntu SMP Fri Feb 19 14:28:32 UTC 2016

/usr/bin/uname -p = unknown
/bin/uname -X     = unknown

/bin/arch              = unknown
/usr/bin/arch -k       = unknown
/usr/convex/getsysinfo = unknown
/usr/bin/hostinfo      = unknown
/bin/machine           = unknown
/usr/bin/oslevel       = unknown
/bin/universe          = unknown

PATH: /home/sergio/bin
PATH: /usr/local/sbin
PATH: /usr/local/bin
PATH: /usr/sbin
PATH: /usr/bin
PATH: /sbin
PATH: /bin
PATH: /usr/games
PATH: /usr/local/games


## ----------- ##
## Core tests. ##
## ----------- ##

configure:2438: checking for a BSD-compatible install
configure:2506: result: /usr/bin/install -c
configure:2517: checking whether build environment is sane
configure:2567: result: yes
configure:2708: checking for a thread-safe mkdir -p
configure:2747: result: /bin/mkdir -p
configure:2760: checking for gawk
configure:2790: result: no
configure:2760: checking for mawk
configure:2776: found /usr/bin/mawk
configure:2787: result: mawk
configure:2798: checking whether make sets $(MAKE)
configure:2820: result: yes
configure:2934: checking build system type
configure:2948: result: i686-pc-linux-gnu
configure:2968: checking host system type
configure:2981: result: i686-pc-linux-gnu
configure:3013: checking for style of include used by make
configure:3041: result: GNU
configure:3111: checking for gcc
configure:3127: found /usr/bin/gcc
configure:3138: result: gcc
configure:3367: checking for C compiler version
configure:3376: gcc --version >&5
gcc (Ubuntu 4.8.4-2ubuntu1~14.04.1) 4.8.4
Copyright (C) 2013 Free Software Foundation, Inc.
This is free software; see the source for copying conditions.  There is NO
warranty; not even for MERCHANTABILITY or FITNESS FOR A PARTICULAR PURPOSE.

configure:3387: $? = 0
configure:3376: gcc -v >&5
Using built-in specs.
COLLECT_GCC=gcc
COLLECT_LTO_WRAPPER=/usr/lib/gcc/i686-linux-gnu/4.8/lto-wrapper
Target: i686-linux-gnu
Configured with: ../src/configure -v --with-pkgversion='Ubuntu 4.8.4-2ubuntu1~14.04.1' --with-bugurl=file:///usr/share/doc/gcc-4.8/README.Bugs --enable-languages=c,c++,java,go,d,fortran,objc,obj-c++ --prefix=/usr --program-suffix=-4.8 --enable-shared --enable-linker-build-id --libexecdir=/usr/lib --without-included-gettext --enable-threads=posix --with-gxx-include-dir=/usr/include/c++/4.8 --libdir=/usr/lib --enable-nls --with-sysroot=/ --enable-clocale=gnu --enable-libstdcxx-debug --enable-libstdcxx-time=yes --enable-gnu-unique-object --disable-libmudflap --enable-plugin --with-system-zlib --disable-browser-plugin --enable-java-awt=gtk --enable-gtk-cairo --with-java-home=/usr/lib/jvm/java-1.5.0-gcj-4.8-i386/jre --enable-java-home --with-jvm-root-dir=/usr/lib/jvm/java-1.5.0-gcj-4.8-i386 --with-jvm-jar-dir=/usr/lib/jvm-exports/java-1.5.0-gcj-4.8-i386 --with-arch-directory=i386 --with-ecj-jar=/usr/share/java/eclipse-ecj.jar --enable-objc-gc --enable-targets=all --enable-multiarch --disable-werror --with-arch-32=i686 --with-multilib-list=m32,m64,mx32 --with-tune=generic --enable-checking=release --build=i686-linux-gnu --host=i686-linux-gnu --target=i686-linux-gnu
Thread model: posix
gcc version 4.8.4 (Ubuntu 4.8.4-2ubuntu1~14.04.1) 
configure:3387: $? = 0
configure:3376: gcc -V >&5
gcc: error: unrecognized command line option '-V'
gcc: fatal error: no input files
compilation terminated.
configure:3387: $? = 4
configure:3376: gcc -qversion >&5
gcc: error: unrecognized command line option '-qversion'
gcc: fatal error: no input files
compilation terminated.
configure:3387: $? = 4
configure:3407: checking whether the C compiler works
configure:3429: gcc    conftest.c  >&5
configure:3433: $? = 0
configure:3481: result: yes
configure:3484: checking for C compiler default output file name
configure:3486: result: a.out
configure:3492: checking for suffix of executables
configure:3499: gcc -o conftest    conftest.c  >&5
configure:3503: $? = 0
configure:3525: result: 
configure:3547: checking whether we are cross compiling
configure:3555: gcc -o conftest    conftest.c  >&5
configure:3559: $? = 0
configure:3566: ./conftest
configure:3570: $? = 0
configure:3585: result: no
configure:3590: checking for suffix of object files
configure:3612: gcc -c   conftest.c >&5
configure:3616: $? = 0
configure:3637: result: o
configure:3641: checking whether we are using the GNU C compiler
configure:3660: gcc -c   conftest.c >&5
configure:3660: $? = 0
configure:3669: result: yes
configure:3678: checking whether gcc accepts -g
configure:3698: gcc -c -g  conftest.c >&5
configure:3698: $? = 0
configure:3739: result: yes
configure:3756: checking for gcc option to accept ISO C89
configure:3820: gcc  -c -g -O2  conftest.c >&5
configure:3820: $? = 0
configure:3833: result: none needed
configure:3855: checking dependency style of gcc
configure:3965: result: gcc3
configure:3980: checking for a sed that does not truncate output
configure:4044: result: /bin/sed
configure:4062: checking for grep that handles long lines and -e
configure:4120: result: /bin/grep
configure:4125: checking for egrep
configure:4187: result: /bin/grep -E
configure:4192: checking for fgrep
configure:4254: result: /bin/grep -F
configure:4289: checking for ld used by gcc
configure:4356: result: /usr/bin/ld
configure:4363: checking if the linker (/usr/bin/ld) is GNU ld
configure:4378: result: yes
configure:4390: checking for BSD- or MS-compatible name lister (nm)
configure:4439: result: /usr/bin/nm -B
configure:4557: checking the name lister (/usr/bin/nm -B) interface
configure:4564: gcc -c -g -O2  conftest.c >&5
configure:4567: /usr/bin/nm -B "conftest.o"
configure:4570: output
00000000 B some_variable
configure:4577: result: BSD nm
configure:4580: checking whether ln -s works
configure:4584: result: yes
configure:4592: checking the maximum length of command line arguments
configure:4712: result: 1572864
configure:4729: checking whether the shell understands some XSI constructs
configure:4739: result: yes
configure:4743: checking whether the shell understands "+="
configure:4749: result: yes
configure:4784: checking for /usr/bin/ld option to reload object files
configure:4791: result: -r
configure:4860: checking for objdump
configure:4876: found /usr/bin/objdump
configure:4887: result: objdump
configure:4919: checking how to recognize dependent libraries
configure:5115: result: pass_all
configure:5175: checking for ar
configure:5191: found /usr/bin/ar
configure:5202: result: ar
configure:5280: checking for strip
configure:5296: found /usr/bin/strip
configure:5307: result: strip
configure:5379: checking for ranlib
configure:5395: found /usr/bin/ranlib
configure:5406: result: ranlib
configure:5496: checking command to parse /usr/bin/nm -B output from gcc object
configure:5614: gcc -c -g -O2  conftest.c >&5
configure:5617: $? = 0
configure:5621: /usr/bin/nm -B conftest.o \| sed -n -e 's/^.*[	 ]\([ABCDGIRSTW][ABCDGIRSTW]*\)[	 ][	 ]*\([_A-Za-z][_A-Za-z0-9]*\)$/\1 \2 \2/p' \> conftest.nm
configure:5624: $? = 0
configure:5678: gcc -o conftest -g -O2   conftest.c conftstm.o >&5
configure:5681: $? = 0
configure:5719: result: ok
configure:6528: checking how to run the C preprocessor
configure:6559: gcc -E  conftest.c
configure:6559: $? = 0
configure:6573: gcc -E  conftest.c
conftest.c:11:28: fatal error: ac_nonexistent.h: No such file or directory
 #include <ac_nonexistent.h>
                            ^
compilation terminated.
configure:6573: $? = 1
configure: failed program was:
| /* confdefs.h */
| #define PACKAGE_NAME ""
| #define PACKAGE_TARNAME ""
| #define PACKAGE_VERSION ""
| #define PACKAGE_STRING ""
| #define PACKAGE_BUGREPORT ""
| #define PACKAGE_URL ""
| #define PACKAGE "libnova"
| #define VERSION "0.15.0"
| /* end confdefs.h.  */
| #include <ac_nonexistent.h>
configure:6598: result: gcc -E
configure:6618: gcc -E  conftest.c
configure:6618: $? = 0
configure:6632: gcc -E  conftest.c
conftest.c:11:28: fatal error: ac_nonexistent.h: No such file or directory
 #include <ac_nonexistent.h>
                            ^
compilation terminated.
configure:6632: $? = 1
configure: failed program was:
| /* confdefs.h */
| #define PACKAGE_NAME ""
| #define PACKAGE_TARNAME ""
| #define PACKAGE_VERSION ""
| #define PACKAGE_STRING ""
| #define PACKAGE_BUGREPORT ""
| #define PACKAGE_URL ""
| #define PACKAGE "libnova"
| #define VERSION "0.15.0"
| /* end confdefs.h.  */
| #include <ac_nonexistent.h>
configure:6661: checking for ANSI C header files
configure:6681: gcc -c -g -O2  conftest.c >&5
configure:6681: $? = 0
configure:6754: gcc -o conftest -g -O2   conftest.c  >&5
configure:6754: $? = 0
configure:6754: ./conftest
configure:6754: $? = 0
configure:6765: result: yes
configure:6778: checking for sys/types.h
configure:6778: gcc -c -g -O2  conftest.c >&5
configure:6778: $? = 0
configure:6778: result: yes
configure:6778: checking for sys/stat.h
configure:6778: gcc -c -g -O2  conftest.c >&5
configure:6778: $? = 0
configure:6778: result: yes
configure:6778: checking for stdlib.h
configure:6778: gcc -c -g -O2  conftest.c >&5
configure:6778: $? = 0
configure:6778: result: yes
configure:6778: checking for string.h
configure:6778: gcc -c -g -O2  conftest.c >&5
configure:6778: $? = 0
configure:6778: result: yes
configure:6778: checking for memory.h
configure:6778: gcc -c -g -O2  conftest.c >&5
configure:6778: $? = 0
configure:6778: result: yes
configure:6778: checking for strings.h
configure:6778: gcc -c -g -O2  conftest.c >&5
configure:6778: $? = 0
configure:6778: result: yes
configure:6778: checking for inttypes.h
configure:6778: gcc -c -g -O2  conftest.c >&5
configure:6778: $? = 0
configure:6778: result: yes
configure:6778: checking for stdint.h
configure:6778: gcc -c -g -O2  conftest.c >&5
configure:6778: $? = 0
configure:6778: result: yes
configure:6778: checking for unistd.h
configure:6778: gcc -c -g -O2  conftest.c >&5
configure:6778: $? = 0
configure:6778: result: yes
configure:6792: checking for dlfcn.h
configure:6792: gcc -c -g -O2  conftest.c >&5
configure:6792: $? = 0
configure:6792: result: yes
configure:6976: checking for objdir
configure:6991: result: .libs
configure:7283: checking if gcc supports -fno-rtti -fno-exceptions
configure:7301: gcc -c -g -O2  -fno-rtti -fno-exceptions conftest.c >&5
cc1: warning: command line option '-fno-rtti' is valid for C++/ObjC++ but not for C [enabled by default]
configure:7305: $? = 0
configure:7318: result: no
configure:7338: checking for gcc option to produce PIC
configure:7610: result: -fPIC -DPIC
configure:7622: checking if gcc PIC flag -fPIC -DPIC works
configure:7640: gcc -c -g -O2  -fPIC -DPIC -DPIC conftest.c >&5
configure:7644: $? = 0
configure:7657: result: yes
configure:7681: checking if gcc static flag -static works
configure:7709: result: yes
configure:7724: checking if gcc supports -c -o file.o
configure:7745: gcc -c -g -O2  -o out/conftest2.o conftest.c >&5
configure:7749: $? = 0
configure:7771: result: yes
configure:7779: checking if gcc supports -c -o file.o
configure:7826: result: yes
configure:7859: checking whether the gcc linker (/usr/bin/ld) supports shared libraries
configure:8850: result: yes
configure:8887: checking whether -lc should be explicitly linked in
configure:8892: gcc -c -g -O2  conftest.c >&5
configure:8895: $? = 0
configure:8910: gcc -shared conftest.o  -v -Wl,-soname -Wl,conftest -o conftest 2\>\&1 \| /bin/grep  -lc  \>/dev/null 2\>\&1
configure:8913: $? = 0
configure:8925: result: no
configure:9089: checking dynamic linker characteristics
configure:9522: gcc -o conftest -g -O2   -Wl,-rpath -Wl,/foo conftest.c  >&5
configure:9522: $? = 0
configure:9752: result: GNU/Linux ld.so
configure:9854: checking how to hardcode library paths into programs
configure:9879: result: immediate
configure:10399: checking whether stripping libraries is possible
configure:10404: result: yes
configure:10439: checking if libtool supports shared libraries
configure:10441: result: yes
configure:10444: checking whether to build shared libraries
configure:10465: result: yes
configure:10468: checking whether to build static libraries
configure:10472: result: yes
configure:10509: checking whether to enable maintainer-specific portions of Makefiles
configure:10518: result: no
configure:10581: checking for gcc
configure:10608: result: gcc
configure:10837: checking for C compiler version
configure:10846: gcc --version >&5
gcc (Ubuntu 4.8.4-2ubuntu1~14.04.1) 4.8.4
Copyright (C) 2013 Free Software Foundation, Inc.
This is free software; see the source for copying conditions.  There is NO
warranty; not even for MERCHANTABILITY or FITNESS FOR A PARTICULAR PURPOSE.

configure:10857: $? = 0
configure:10846: gcc -v >&5
Using built-in specs.
COLLECT_GCC=gcc
COLLECT_LTO_WRAPPER=/usr/lib/gcc/i686-linux-gnu/4.8/lto-wrapper
Target: i686-linux-gnu
Configured with: ../src/configure -v --with-pkgversion='Ubuntu 4.8.4-2ubuntu1~14.04.1' --with-bugurl=file:///usr/share/doc/gcc-4.8/README.Bugs --enable-languages=c,c++,java,go,d,fortran,objc,obj-c++ --prefix=/usr --program-suffix=-4.8 --enable-shared --enable-linker-build-id --libexecdir=/usr/lib --without-included-gettext --enable-threads=posix --with-gxx-include-dir=/usr/include/c++/4.8 --libdir=/usr/lib --enable-nls --with-sysroot=/ --enable-clocale=gnu --enable-libstdcxx-debug --enable-libstdcxx-time=yes --enable-gnu-unique-object --disable-libmudflap --enable-plugin --with-system-zlib --disable-browser-plugin --enable-java-awt=gtk --enable-gtk-cairo --with-java-home=/usr/lib/jvm/java-1.5.0-gcj-4.8-i386/jre --enable-java-home --with-jvm-root-dir=/usr/lib/jvm/java-1.5.0-gcj-4.8-i386 --with-jvm-jar-dir=/usr/lib/jvm-exports/java-1.5.0-gcj-4.8-i386 --with-arch-directory=i386 --with-ecj-jar=/usr/share/java/eclipse-ecj.jar --enable-objc-gc --enable-targets=all --enable-multiarch --disable-werror --with-arch-32=i686 --with-multilib-list=m32,m64,mx32 --with-tune=generic --enable-checking=release --build=i686-linux-gnu --host=i686-linux-gnu --target=i686-linux-gnu
Thread model: posix
gcc version 4.8.4 (Ubuntu 4.8.4-2ubuntu1~14.04.1) 
configure:10857: $? = 0
configure:10846: gcc -V >&5
gcc: error: unrecognized command line option '-V'
gcc: fatal error: no input files
compilation terminated.
configure:10857: $? = 4
configure:10846: gcc -qversion >&5
gcc: error: unrecognized command line option '-qversion'
gcc: fatal error: no input files
compilation terminated.
configure:10857: $? = 4
configure:10861: checking whether we are using the GNU C compiler
configure:10889: result: yes
configure:10898: checking whether gcc accepts -g
configure:10959: result: yes
configure:10976: checking for gcc option to accept ISO C89
configure:11053: result: none needed
configure:11075: checking dependency style of gcc
configure:11185: result: gcc3
configure:11248: checking for gcc
configure:11275: result: gcc
configure:11504: checking for C compiler version
configure:11513: gcc --version >&5
gcc (Ubuntu 4.8.4-2ubuntu1~14.04.1) 4.8.4
Copyright (C) 2013 Free Software Foundation, Inc.
This is free software; see the source for copying conditions.  There is NO
warranty; not even for MERCHANTABILITY or FITNESS FOR A PARTICULAR PURPOSE.

configure:11524: $? = 0
configure:11513: gcc -v >&5
Using built-in specs.
COLLECT_GCC=gcc
COLLECT_LTO_WRAPPER=/usr/lib/gcc/i686-linux-gnu/4.8/lto-wrapper
Target: i686-linux-gnu
Configured with: ../src/configure -v --with-pkgversion='Ubuntu 4.8.4-2ubuntu1~14.04.1' --with-bugurl=file:///usr/share/doc/gcc-4.8/README.Bugs --enable-languages=c,c++,java,go,d,fortran,objc,obj-c++ --prefix=/usr --program-suffix=-4.8 --enable-shared --enable-linker-build-id --libexecdir=/usr/lib --without-included-gettext --enable-threads=posix --with-gxx-include-dir=/usr/include/c++/4.8 --libdir=/usr/lib --enable-nls --with-sysroot=/ --enable-clocale=gnu --enable-libstdcxx-debug --enable-libstdcxx-time=yes --enable-gnu-unique-object --disable-libmudflap --enable-plugin --with-system-zlib --disable-browser-plugin --enable-java-awt=gtk --enable-gtk-cairo --with-java-home=/usr/lib/jvm/java-1.5.0-gcj-4.8-i386/jre --enable-java-home --with-jvm-root-dir=/usr/lib/jvm/java-1.5.0-gcj-4.8-i386 --with-jvm-jar-dir=/usr/lib/jvm-exports/java-1.5.0-gcj-4.8-i386 --with-arch-directory=i386 --with-ecj-jar=/usr/share/java/eclipse-ecj.jar --enable-objc-gc --enable-targets=all --enable-multiarch --disable-werror --with-arch-32=i686 --with-multilib-list=m32,m64,mx32 --with-tune=generic --enable-checking=release --build=i686-linux-gnu --host=i686-linux-gnu --target=i686-linux-gnu
Thread model: posix
gcc version 4.8.4 (Ubuntu 4.8.4-2ubuntu1~14.04.1) 
configure:11524: $? = 0
configure:11513: gcc -V >&5
gcc: error: unrecognized command line option '-V'
gcc: fatal error: no input files
compilation terminated.
configure:11524: $? = 4
configure:11513: gcc -qversion >&5
gcc: error: unrecognized command line option '-qversion'
gcc: fatal error: no input files
compilation terminated.
configure:11524: $? = 4
configure:11528: checking whether we are using the GNU C compiler
configure:11556: result: yes
configure:11565: checking whether gcc accepts -g
configure:11626: result: yes
configure:11643: checking for gcc option to accept ISO C89
configure:11720: result: none needed
configure:11742: checking dependency style of gcc
configure:11852: result: gcc3
configure:11873: checking for gettimeofday
configure:11873: gcc -o conftest -g -O2   conftest.c  >&5
configure:11873: $? = 0
configure:11873: result: yes
configure:11884: checking for modf
configure:11884: gcc -o conftest -g -O2   conftest.c  >&5
conftest.c:47:6: warning: conflicting types for built-in function 'modf' [enabled by default]
 char modf ();
      ^
configure:11884: $? = 0
configure:11884: result: yes
configure:11895: checking for pow
configure:11895: gcc -o conftest -g -O2   conftest.c  >&5
conftest.c:48:6: warning: conflicting types for built-in function 'pow' [enabled by default]
 char pow ();
      ^
/tmp/cccolbJ3.o: In function `main':
/home/sergio/programmi/c++11/VSOP/libnova/libnova-0.15.0/conftest.c:59: undefined reference to `pow'
collect2: error: ld returned 1 exit status
configure:11895: $? = 1
configure: failed program was:
| /* confdefs.h */
| #define PACKAGE_NAME ""
| #define PACKAGE_TARNAME ""
| #define PACKAGE_VERSION ""
| #define PACKAGE_STRING ""
| #define PACKAGE_BUGREPORT ""
| #define PACKAGE_URL ""
| #define PACKAGE "libnova"
| #define VERSION "0.15.0"
| #define STDC_HEADERS 1
| #define HAVE_SYS_TYPES_H 1
| #define HAVE_SYS_STAT_H 1
| #define HAVE_STDLIB_H 1
| #define HAVE_STRING_H 1
| #define HAVE_MEMORY_H 1
| #define HAVE_STRINGS_H 1
| #define HAVE_INTTYPES_H 1
| #define HAVE_STDINT_H 1
| #define HAVE_UNISTD_H 1
| #define HAVE_DLFCN_H 1
| #define LT_OBJDIR ".libs/"
| #define HAVE_GETTIMEOFDAY 1
| #define HAVE_MODF 1
| /* end confdefs.h.  */
| /* Define pow to an innocuous variant, in case <limits.h> declares pow.
|    For example, HP-UX 11i <limits.h> declares gettimeofday.  */
| #define pow innocuous_pow
| 
| /* System header to define __stub macros and hopefully few prototypes,
|     which can conflict with char pow (); below.
|     Prefer <limits.h> to <assert.h> if __STDC__ is defined, since
|     <limits.h> exists even on freestanding compilers.  */
| 
| #ifdef __STDC__
| # include <limits.h>
| #else
| # include <assert.h>
| #endif
| 
| #undef pow
| 
| /* Override any GCC internal prototype to avoid an error.
|    Use char because int might match the return type of a GCC
|    builtin and then its argument prototype would still apply.  */
| #ifdef __cplusplus
| extern "C"
| #endif
| char pow ();
| /* The GNU C library defines this for functions which it implements
|     to always fail with ENOSYS.  Some functions are actually named
|     something starting with __ and the normal name is an alias.  */
| #if defined __stub_pow || defined __stub___pow
| choke me
| #endif
| 
| int
| main ()
| {
| return pow ();
|   ;
|   return 0;
| }
configure:11895: result: no
configure:11906: checking for sqrt
configure:11906: gcc -o conftest -g -O2   conftest.c  >&5
conftest.c:48:6: warning: conflicting types for built-in function 'sqrt' [enabled by default]
 char sqrt ();
      ^
/tmp/ccrEQEi5.o: In function `main':
/home/sergio/programmi/c++11/VSOP/libnova/libnova-0.15.0/conftest.c:59: undefined reference to `sqrt'
collect2: error: ld returned 1 exit status
configure:11906: $? = 1
configure: failed program was:
| /* confdefs.h */
| #define PACKAGE_NAME ""
| #define PACKAGE_TARNAME ""
| #define PACKAGE_VERSION ""
| #define PACKAGE_STRING ""
| #define PACKAGE_BUGREPORT ""
| #define PACKAGE_URL ""
| #define PACKAGE "libnova"
| #define VERSION "0.15.0"
| #define STDC_HEADERS 1
| #define HAVE_SYS_TYPES_H 1
| #define HAVE_SYS_STAT_H 1
| #define HAVE_STDLIB_H 1
| #define HAVE_STRING_H 1
| #define HAVE_MEMORY_H 1
| #define HAVE_STRINGS_H 1
| #define HAVE_INTTYPES_H 1
| #define HAVE_STDINT_H 1
| #define HAVE_UNISTD_H 1
| #define HAVE_DLFCN_H 1
| #define LT_OBJDIR ".libs/"
| #define HAVE_GETTIMEOFDAY 1
| #define HAVE_MODF 1
| /* end confdefs.h.  */
| /* Define sqrt to an innocuous variant, in case <limits.h> declares sqrt.
|    For example, HP-UX 11i <limits.h> declares gettimeofday.  */
| #define sqrt innocuous_sqrt
| 
| /* System header to define __stub macros and hopefully few prototypes,
|     which can conflict with char sqrt (); below.
|     Prefer <limits.h> to <assert.h> if __STDC__ is defined, since
|     <limits.h> exists even on freestanding compilers.  */
| 
| #ifdef __STDC__
| # include <limits.h>
| #else
| # include <assert.h>
| #endif
| 
| #undef sqrt
| 
| /* Override any GCC internal prototype to avoid an error.
|    Use char because int might match the return type of a GCC
|    builtin and then its argument prototype would still apply.  */
| #ifdef __cplusplus
| extern "C"
| #endif
| char sqrt ();
| /* The GNU C library defines this for functions which it implements
|     to always fail with ENOSYS.  Some functions are actually named
|     something starting with __ and the normal name is an alias.  */
| #if defined __stub_sqrt || defined __stub___sqrt
| choke me
| #endif
| 
| int
| main ()
| {
| return sqrt ();
|   ;
|   return 0;
| }
configure:11906: result: no
configure:11917: checking for strchr
configure:11917: gcc -o conftest -g -O2   conftest.c  >&5
conftest.c:48:6: warning: conflicting types for built-in function 'strchr' [enabled by default]
 char strchr ();
      ^
configure:11917: $? = 0
configure:11917: result: yes
configure:11928: checking for strpbrk
configure:11928: gcc -o conftest -g -O2   conftest.c  >&5
conftest.c:49:6: warning: conflicting types for built-in function 'strpbrk' [enabled by default]
 char strpbrk ();
      ^
configure:11928: $? = 0
configure:11928: result: yes
configure:11939: checking for strtol
configure:11939: gcc -o conftest -g -O2   conftest.c  >&5
configure:11939: $? = 0
configure:11939: result: yes
configure:11950: checking for tzset
configure:11950: gcc -o conftest -g -O2   conftest.c  >&5
configure:11950: $? = 0
configure:11950: result: yes
configure:11961: checking malloc.h usability
configure:11961: gcc -c -g -O2  conftest.c >&5
configure:11961: $? = 0
configure:11961: result: yes
configure:11961: checking malloc.h presence
configure:11961: gcc -E  conftest.c
configure:11961: $? = 0
configure:11961: result: yes
configure:11961: checking for malloc.h
configure:11961: result: yes
configure:11973: checking sys/time.h usability
configure:11973: gcc -c -g -O2  conftest.c >&5
configure:11973: $? = 0
configure:11973: result: yes
configure:11973: checking sys/time.h presence
configure:11973: gcc -E  conftest.c
configure:11973: $? = 0
configure:11973: result: yes
configure:11973: checking for sys/time.h
configure:11973: result: yes
configure:11983: checking for an ANSI C-conforming const
configure:12048: gcc -c -g -O2  conftest.c >&5
configure:12048: $? = 0
configure:12055: result: yes
configure:12063: checking for size_t
configure:12063: gcc -c -g -O2  conftest.c >&5
configure:12063: $? = 0
configure:12063: gcc -c -g -O2  conftest.c >&5
conftest.c: In function 'main':
conftest.c:67:21: error: expected expression before ')' token
 if (sizeof ((size_t)))
                     ^
configure:12063: $? = 1
configure: failed program was:
| /* confdefs.h */
| #define PACKAGE_NAME ""
| #define PACKAGE_TARNAME ""
| #define PACKAGE_VERSION ""
| #define PACKAGE_STRING ""
| #define PACKAGE_BUGREPORT ""
| #define PACKAGE_URL ""
| #define PACKAGE "libnova"
| #define VERSION "0.15.0"
| #define STDC_HEADERS 1
| #define HAVE_SYS_TYPES_H 1
| #define HAVE_SYS_STAT_H 1
| #define HAVE_STDLIB_H 1
| #define HAVE_STRING_H 1
| #define HAVE_MEMORY_H 1
| #define HAVE_STRINGS_H 1
| #define HAVE_INTTYPES_H 1
| #define HAVE_STDINT_H 1
| #define HAVE_UNISTD_H 1
| #define HAVE_DLFCN_H 1
| #define LT_OBJDIR ".libs/"
| #define HAVE_GETTIMEOFDAY 1
| #define HAVE_MODF 1
| #define HAVE_STRCHR 1
| #define HAVE_STRPBRK 1
| #define HAVE_STRTOL 1
| #define HAVE_TZSET 1
| #define HAVE_MALLOC_H 1
| #define HAVE_SYS_TIME_H 1
| /* end confdefs.h.  */
| #include <stdio.h>
| #ifdef HAVE_SYS_TYPES_H
| # include <sys/types.h>
| #endif
| #ifdef HAVE_SYS_STAT_H
| # include <sys/stat.h>
| #endif
| #ifdef STDC_HEADERS
| # include <stdlib.h>
| # include <stddef.h>
| #else
| # ifdef HAVE_STDLIB_H
| #  include <stdlib.h>
| # endif
| #endif
| #ifdef HAVE_STRING_H
| # if !defined STDC_HEADERS && defined HAVE_MEMORY_H
| #  include <memory.h>
| # endif
| # include <string.h>
| #endif
| #ifdef HAVE_STRINGS_H
| # include <strings.h>
| #endif
| #ifdef HAVE_INTTYPES_H
| # include <inttypes.h>
| #endif
| #ifdef HAVE_STDINT_H
| # include <stdint.h>
| #endif
| #ifdef HAVE_UNISTD_H
| # include <unistd.h>
| #endif
| int
| main ()
| {
| if (sizeof ((size_t)))
| 	    return 0;
|   ;
|   return 0;
| }
configure:12063: result: yes
configure:12076: checking for working alloca.h
configure:12093: gcc -o conftest -g -O2   conftest.c  >&5
configure:12093: $? = 0
configure:12101: result: yes
configure:12109: checking for alloca
configure:12146: gcc -o conftest -g -O2   conftest.c  >&5
configure:12146: $? = 0
configure:12154: result: yes
configure:12263: checking for working strtod
configure:12304: gcc -o conftest -g -O2   conftest.c  >&5
configure:12304: $? = 0
configure:12304: ./conftest
configure:12304: $? = 0
configure:12314: result: yes
configure:12376: checking whether time.h and sys/time.h may both be included
configure:12396: gcc -c -g -O2  conftest.c >&5
configure:12396: $? = 0
configure:12403: result: yes
configure:12411: checking whether struct tm is in sys/time.h or time.h
configure:12431: gcc -c -g -O2  conftest.c >&5
configure:12431: $? = 0
configure:12438: result: time.h
configure:12447: checking for pow in -lm
configure:12472: gcc -o conftest -g -O2   conftest.c -lm   >&5
conftest.c:41:6: warning: conflicting types for built-in function 'pow' [enabled by default]
 char pow ();
      ^
configure:12472: $? = 0
configure:12481: result: yes
configure:12492: checking for acosl in -lsunmath
configure:12517: gcc -o conftest -g -O2   conftest.c -lsunmath  -lm  >&5
conftest.c:42:6: warning: conflicting types for built-in function 'acosl' [enabled by default]
 char acosl ();
      ^
/usr/bin/ld: cannot find -lsunmath
collect2: error: ld returned 1 exit status
configure:12517: $? = 1
configure: failed program was:
| /* confdefs.h */
| #define PACKAGE_NAME ""
| #define PACKAGE_TARNAME ""
| #define PACKAGE_VERSION ""
| #define PACKAGE_STRING ""
| #define PACKAGE_BUGREPORT ""
| #define PACKAGE_URL ""
| #define PACKAGE "libnova"
| #define VERSION "0.15.0"
| #define STDC_HEADERS 1
| #define HAVE_SYS_TYPES_H 1
| #define HAVE_SYS_STAT_H 1
| #define HAVE_STDLIB_H 1
| #define HAVE_STRING_H 1
| #define HAVE_MEMORY_H 1
| #define HAVE_STRINGS_H 1
| #define HAVE_INTTYPES_H 1
| #define HAVE_STDINT_H 1
| #define HAVE_UNISTD_H 1
| #define HAVE_DLFCN_H 1
| #define LT_OBJDIR ".libs/"
| #define HAVE_GETTIMEOFDAY 1
| #define HAVE_MODF 1
| #define HAVE_STRCHR 1
| #define HAVE_STRPBRK 1
| #define HAVE_STRTOL 1
| #define HAVE_TZSET 1
| #define HAVE_MALLOC_H 1
| #define HAVE_SYS_TIME_H 1
| #define HAVE_ALLOCA_H 1
| #define HAVE_ALLOCA 1
| #define TIME_WITH_SYS_TIME 1
| #define HAVE_LIBM 1
| /* end confdefs.h.  */
| 
| /* Override any GCC internal prototype to avoid an error.
|    Use char because int might match the return type of a GCC
|    builtin and then its argument prototype would still apply.  */
| #ifdef __cplusplus
| extern "C"
| #endif
| char acosl ();
| int
| main ()
| {
| return acosl ();
|   ;
|   return 0;
| }
configure:12526: result: no
configure:12540: checking for round
configure:12540: gcc -o conftest -g -O2   conftest.c -lm  >&5
conftest.c:58:6: warning: conflicting types for built-in function 'round' [enabled by default]
 char round ();
      ^
configure:12540: $? = 0
configure:12540: result: yes
configure:12551: checking for cosl
configure:12551: gcc -o conftest -g -O2   conftest.c -lm  >&5
conftest.c:59:6: warning: conflicting types for built-in function 'cosl' [enabled by default]
 char cosl ();
      ^
configure:12551: $? = 0
configure:12551: result: yes
configure:12562: checking for sinl
configure:12562: gcc -o conftest -g -O2   conftest.c -lm  >&5
conftest.c:60:6: warning: conflicting types for built-in function 'sinl' [enabled by default]
 char sinl ();
      ^
configure:12562: $? = 0
configure:12562: result: yes
configure:12573: checking for acosl
configure:12573: gcc -o conftest -g -O2   conftest.c -lm  >&5
conftest.c:61:6: warning: conflicting types for built-in function 'acosl' [enabled by default]
 char acosl ();
      ^
configure:12573: $? = 0
configure:12573: result: yes
configure:12584: checking for asinl
configure:12584: gcc -o conftest -g -O2   conftest.c -lm  >&5
conftest.c:62:6: warning: conflicting types for built-in function 'asinl' [enabled by default]
 char asinl ();
      ^
configure:12584: $? = 0
configure:12584: result: yes
configure:12595: checking for atan2l
configure:12595: gcc -o conftest -g -O2   conftest.c -lm  >&5
conftest.c:63:6: warning: conflicting types for built-in function 'atan2l' [enabled by default]
 char atan2l ();
      ^
configure:12595: $? = 0
configure:12595: result: yes
configure:12608: checking for ANSI C header files
configure:12712: result: yes
configure:12874: creating ./config.status

## ---------------------- ##
## Running config.status. ##
## ---------------------- ##

This file was extended by config.status, which was
generated by GNU Autoconf 2.68.  Invocation command line was

  CONFIG_FILES    = 
  CONFIG_HEADERS  = 
  CONFIG_LINKS    = 
  CONFIG_COMMANDS = 
  $ ./config.status 

on Frank

config.status:1108: creating Makefile
config.status:1108: creating src/Makefile
config.status:1108: creating src/libnova/Makefile
config.status:1108: creating lntest/Makefile
config.status:1108: creating doc/Makefile
config.status:1108: creating doc/doxyfile
config.status:1108: creating examples/Makefile
config.status:1108: creating config.h
config.status:1289: config.h is unchanged
config.status:1337: executing depfiles commands
config.status:1337: executing libtool commands

## ---------------- ##
## Cache variables. ##
## ---------------- ##

ac_cv_build=i686-pc-linux-gnu
ac_cv_c_compiler_gnu=yes
ac_cv_c_const=yes
ac_cv_env_CC_set=
ac_cv_env_CC_value=
ac_cv_env_CFLAGS_set=
ac_cv_env_CFLAGS_value=
ac_cv_env_CPPFLAGS_set=
ac_cv_env_CPPFLAGS_value=
ac_cv_env_CPP_set=
ac_cv_env_CPP_value=
ac_cv_env_LDFLAGS_set=
ac_cv_env_LDFLAGS_value=
ac_cv_env_LIBS_set=
ac_cv_env_LIBS_value=
ac_cv_env_build_alias_set=
ac_cv_env_build_alias_value=
ac_cv_env_host_alias_set=
ac_cv_env_host_alias_value=
ac_cv_env_target_alias_set=
ac_cv_env_target_alias_value=
ac_cv_func_acosl=yes
ac_cv_func_alloca_works=yes
ac_cv_func_asinl=yes
ac_cv_func_atan2l=yes
ac_cv_func_cosl=yes
ac_cv_func_gettimeofday=yes
ac_cv_func_modf=yes
ac_cv_func_pow=no
ac_cv_func_round=yes
ac_cv_func_sinl=yes
ac_cv_func_sqrt=no
ac_cv_func_strchr=yes
ac_cv_func_strpbrk=yes
ac_cv_func_strtod=yes
ac_cv_func_strtol=yes
ac_cv_func_tzset=yes
ac_cv_header_dlfcn_h=yes
ac_cv_header_inttypes_h=yes
ac_cv_header_malloc_h=yes
ac_cv_header_memory_h=yes
ac_cv_header_stdc=yes
ac_cv_header_stdint_h=yes
ac_cv_header_stdlib_h=yes
ac_cv_header_string_h=yes
ac_cv_header_strings_h=yes
ac_cv_header_sys_stat_h=yes
ac_cv_header_sys_time_h=yes
ac_cv_header_sys_types_h=yes
ac_cv_header_time=yes
ac_cv_header_unistd_h=yes
ac_cv_host=i686-pc-linux-gnu
ac_cv_lib_m_pow=yes
ac_cv_lib_sunmath_acosl=no
ac_cv_objext=o
ac_cv_path_EGREP='/bin/grep -E'
ac_cv_path_FGREP='/bin/grep -F'
ac_cv_path_GREP=/bin/grep
ac_cv_path_SED=/bin/sed
ac_cv_path_install='/usr/bin/install -c'
ac_cv_path_mkdir=/bin/mkdir
ac_cv_prog_AWK=mawk
ac_cv_prog_CPP='gcc -E'
ac_cv_prog_ac_ct_AR=ar
ac_cv_prog_ac_ct_CC=gcc
ac_cv_prog_ac_ct_OBJDUMP=objdump
ac_cv_prog_ac_ct_RANLIB=ranlib
ac_cv_prog_ac_ct_STRIP=strip
ac_cv_prog_cc_c89=
ac_cv_prog_cc_g=yes
ac_cv_prog_make_make_set=yes
ac_cv_struct_tm=time.h
ac_cv_type_size_t=yes
ac_cv_working_alloca_h=yes
am_cv_CC_dependencies_compiler_type=gcc3
am_cv_prog_cc_stdc=
lt_cv_deplibs_check_method=pass_all
lt_cv_file_magic_cmd='$MAGIC_CMD'
lt_cv_file_magic_test_file=
lt_cv_ld_reload_flag=-r
lt_cv_nm_interface='BSD nm'
lt_cv_objdir=.libs
lt_cv_path_LD=/usr/bin/ld
lt_cv_path_NM='/usr/bin/nm -B'
lt_cv_prog_compiler_c_o=yes
lt_cv_prog_compiler_pic_works=yes
lt_cv_prog_compiler_rtti_exceptions=no
lt_cv_prog_compiler_static_works=yes
lt_cv_prog_gnu_ld=yes
lt_cv_sys_global_symbol_pipe='sed -n -e '\''s/^.*[	 ]\([ABCDGIRSTW][ABCDGIRSTW]*\)[	 ][	 ]*\([_A-Za-z][_A-Za-z0-9]*\)$/\1 \2 \2/p'\'''
lt_cv_sys_global_symbol_to_c_name_address='sed -n -e '\''s/^: \([^ ]*\) $/  {\"\1\", (void *) 0},/p'\'' -e '\''s/^[ABCDGIRSTW]* \([^ ]*\) \([^ ]*\)$/  {"\2", (void *) \&\2},/p'\'''
lt_cv_sys_global_symbol_to_c_name_address_lib_prefix='sed -n -e '\''s/^: \([^ ]*\) $/  {\"\1\", (void *) 0},/p'\'' -e '\''s/^[ABCDGIRSTW]* \([^ ]*\) \(lib[^ ]*\)$/  {"\2", (void *) \&\2},/p'\'' -e '\''s/^[ABCDGIRSTW]* \([^ ]*\) \([^ ]*\)$/  {"lib\2", (void *) \&\2},/p'\'''
lt_cv_sys_global_symbol_to_cdecl='sed -n -e '\''s/^T .* \(.*\)$/extern int \1();/p'\'' -e '\''s/^[ABCDGIRSTW]* .* \(.*\)$/extern char \1;/p'\'''
lt_cv_sys_max_cmd_len=1572864

## ----------------- ##
## Output variables. ##
## ----------------- ##

ACLOCAL='${SHELL} /home/sergio/programmi/c++11/VSOP/libnova/libnova-0.15.0/missing --run aclocal-1.11'
ALLOCA=''
AMDEPBACKSLASH='\'
AMDEP_FALSE='#'
AMDEP_TRUE=''
AMTAR='${SHELL} /home/sergio/programmi/c++11/VSOP/libnova/libnova-0.15.0/missing --run tar'
AR='ar'
AUTOCONF='${SHELL} /home/sergio/programmi/c++11/VSOP/libnova/libnova-0.15.0/missing --run autoconf'
AUTOHEADER='${SHELL} /home/sergio/programmi/c++11/VSOP/libnova/libnova-0.15.0/missing --run autoheader'
AUTOMAKE='${SHELL} /home/sergio/programmi/c++11/VSOP/libnova/libnova-0.15.0/missing --run automake-1.11'
AWK='mawk'
CC='gcc'
CCDEPMODE='depmode=gcc3'
CFLAGS='-Wall'
CPP='gcc -E'
CPPFLAGS=''
CYGPATH_W='echo'
DEFS='-DHAVE_CONFIG_H'
DEPDIR='.deps'
DSYMUTIL=''
DUMPBIN=''
ECHO_C=''
ECHO_N='-n'
ECHO_T=''
EGREP='/bin/grep -E'
EXEEXT=''
FGREP='/bin/grep -F'
GREP='/bin/grep'
INSTALL_DATA='${INSTALL} -m 644'
INSTALL_PROGRAM='${INSTALL}'
INSTALL_SCRIPT='${INSTALL}'
INSTALL_STRIP_PROGRAM='$(install_sh) -c -s'
LD='/usr/bin/ld'
LDFLAGS=''
LIBNOVA_MACRO_DIR='/usr/local/share/aclocal'
LIBNOVA_MAJOR_VERSION='0'
LIBNOVA_MICRO_VERSION='0'
LIBNOVA_MINOR_VERSION='15'
LIBNOVA_VERSION='0.15.0'
LIBOBJS=''
LIBS='-lm '
LIBTOOL='$(SHELL) $(top_builddir)/libtool'
LIPO=''
LN_S='ln -s'
LTLIBOBJS=''
LT_RELEASE='0.15'
LT_VERSION='0'
MAINT='#'
MAINTAINER_MODE_FALSE=''
MAINTAINER_MODE_TRUE='#'
MAKEINFO='${SHELL} /home/sergio/programmi/c++11/VSOP/libnova/libnova-0.15.0/missing --run makeinfo'
MKDIR_P='/bin/mkdir -p'
NM='/usr/bin/nm -B'
NMEDIT=''
OBJDUMP='objdump'
OBJEXT='o'
OTOOL64=''
OTOOL=''
PACKAGE='libnova'
PACKAGE_BUGREPORT=''
PACKAGE_NAME=''
PACKAGE_STRING=''
PACKAGE_TARNAME=''
PACKAGE_URL=''
PACKAGE_VERSION=''
PATH_SEPARATOR=':'
POW_LIB=''
RANLIB='ranlib'
SED='/bin/sed'
SET_MAKE=''
SHELL='/bin/bash'
STRIP='strip'
VERSION='0.15.0'
ac_ct_CC='gcc'
ac_ct_DUMPBIN=''
am__EXEEXT_FALSE=''
am__EXEEXT_TRUE='#'
am__fastdepCC_FALSE='#'
am__fastdepCC_TRUE=''
am__include='include'
am__isrc=''
am__leading_dot='.'
am__quote=''
am__tar='${AMTAR} chof - "$$tardir"'
am__untar='${AMTAR} xf -'
bindir='${exec_prefix}/bin'
build='i686-pc-linux-gnu'
build_alias=''
build_cpu='i686'
build_os='linux-gnu'
build_vendor='pc'
datadir='${datarootdir}'
datarootdir='${prefix}/share'
docdir='${datarootdir}/doc/${PACKAGE}'
dvidir='${docdir}'
exec_prefix='${prefix}'
host='i686-pc-linux-gnu'
host_alias=''
host_cpu='i686'
host_os='linux-gnu'
host_vendor='pc'
htmldir='${docdir}'
includedir='${prefix}/include'
infodir='${datarootdir}/info'
install_sh='${SHELL} /home/sergio/programmi/c++11/VSOP/libnova/libnova-0.15.0/install-sh'
libdir='${exec_prefix}/lib'
libexecdir='${exec_prefix}/libexec'
localedir='${datarootdir}/locale'
localstatedir='${prefix}/var'
lt_ECHO='echo'
mandir='${datarootdir}/man'
mkdir_p='/bin/mkdir -p'
oldincludedir='/usr/include'
pdfdir='${docdir}'
prefix='/usr/local'
program_transform_name='s,x,x,'
psdir='${docdir}'
sbindir='${exec_prefix}/sbin'
sharedstatedir='${prefix}/com'
sysconfdir='${prefix}/etc'
target_alias=''

## ----------- ##
## confdefs.h. ##
## ----------- ##

/* confdefs.h */
#define PACKAGE_NAME ""
#define PACKAGE_TARNAME ""
#define PACKAGE_VERSION ""
#define PACKAGE_STRING ""
#define PACKAGE_BUGREPORT ""
#define PACKAGE_URL ""
#define PACKAGE "libnova"
#define VERSION "0.15.0"
#define STDC_HEADERS 1
#define HAVE_SYS_TYPES_H 1
#define HAVE_SYS_STAT_H 1
#define HAVE_STDLIB_H 1
#define HAVE_STRING_H 1
#define HAVE_MEMORY_H 1
#define HAVE_STRINGS_H 1
#define HAVE_INTTYPES_H 1
#define HAVE_STDINT_H 1
#define HAVE_UNISTD_H 1
#define HAVE_DLFCN_H 1
#define LT_OBJDIR ".libs/"
#define HAVE_GETTIMEOFDAY 1
#define HAVE_MODF 1
#define HAVE_STRCHR 1
#define HAVE_STRPBRK 1
#define HAVE_STRTOL 1
#define HAVE_TZSET 1
#define HAVE_MALLOC_H 1
#define HAVE_SYS_TIME_H 1
#define HAVE_ALLOCA_H 1
#define HAVE_ALLOCA 1
#define TIME_WITH_SYS_TIME 1
#define HAVE_LIBM 1
#define HAVE_ROUND 1
#define HAVE_COSL 1
#define HAVE_SINL 1
#define HAVE_ACOSL 1
#define HAVE_ASINL 1
#define HAVE_ATAN2L 1
#define STDC_HEADERS 1

configure: exit 0
